# JRE version: Java(TM) SE Runtime Environment (8.0_261-b12) (build 1.8.0_261-b12)
# Java VM: Java HotSpot(TM) 64-Bit Server VM (25.261-b12 mixed mode windows-amd64 compressed oops)
Heap:
 PSYoungGen      total 152576K, used 75968K [0x0000000716100000, 0x0000000723d80000, 0x00000007c0000000)
  eden space 131072K, 57% used [0x0000000716100000,0x000000071ab30268,0x000000071e100000)
  from space 21504K, 0% used [0x000000071e100000,0x000000071e100000,0x000000071f600000)
  to   space 21504K, 0% used [0x0000000722880000,0x0000000722880000,0x0000000723d80000)
 ParOldGen       total 386560K, used 17607K [0x00000005c2200000, 0x00000005d9b80000, 0x0000000716100000)
  object space 386560K, 4% used [0x00000005c2200000,0x00000005c3331ef0,0x00000005d9b80000)
 Metaspace       used 39219K, capacity 39740K, committed 40360K, reserved 1085440K
  class space    used 4808K, capacity 4930K, committed 5040K, reserved 1048576K
GC Heap History (10 events):
Event: 0.901 GC heap before
{Heap before GC invocations=1 (full 0):
 PSYoungGen      total 152576K, used 131072K [0x0000000716100000, 0x0000000720b00000, 0x00000007c0000000)
  eden space 131072K, 100% used [0x0000000716100000,0x000000071e100000,0x000000071e100000)
  from space 21504K, 0% used [0x000000071f600000,0x000000071f600000,0x0000000720b00000)
  to   space 21504K, 0% used [0x000000071e100000,0x000000071e100000,0x000000071f600000)
 ParOldGen       total 348160K, used 0K [0x00000005c2200000, 0x00000005d7600000, 0x0000000716100000)
  object space 348160K, 0% used [0x00000005c2200000,0x00000005c2200000,0x00000005d7600000)
 Metaspace       used 14332K, capacity 14538K, committed 14720K, reserved 1062912K
  class space    used 1562K, capacity 1619K, committed 1664K, reserved 1048576K
Event: 0.905 GC heap after
Heap after GC invocations=1 (full 0):
 PSYoungGen      total 152576K, used 7112K [0x0000000716100000, 0x0000000720b00000, 0x00000007c0000000)
  eden space 131072K, 0% used [0x0000000716100000,0x0000000716100000,0x000000071e100000)
  from space 21504K, 33% used [0x000000071e100000,0x000000071e7f21e0,0x000000071f600000)
  to   space 21504K, 0% used [0x000000071f600000,0x000000071f600000,0x0000000720b00000)
 ParOldGen       total 348160K, used 80K [0x00000005c2200000, 0x00000005d7600000, 0x0000000716100000)
  object space 348160K, 0% used [0x00000005c2200000,0x00000005c2214010,0x00000005d7600000)
 Metaspace       used 14332K, capacity 14538K, committed 14720K, reserved 1062912K
  class space    used 1562K, capacity 1619K, committed 1664K, reserved 1048576K
}
Event: 1.364 GC heap before
{Heap before GC invocations=2 (full 0):
 PSYoungGen      total 152576K, used 63836K [0x0000000716100000, 0x0000000720b00000, 0x00000007c0000000)
  eden space 131072K, 43% used [0x0000000716100000,0x00000007198650a8,0x000000071e100000)
  from space 21504K, 33% used [0x000000071e100000,0x000000071e7f21e0,0x000000071f600000)
  to   space 21504K, 0% used [0x000000071f600000,0x000000071f600000,0x0000000720b00000)
 ParOldGen       total 348160K, used 80K [0x00000005c2200000, 0x00000005d7600000, 0x0000000716100000)
  object space 348160K, 0% used [0x00000005c2200000,0x00000005c2214010,0x00000005d7600000)
 Metaspace       used 20880K, capacity 21146K, committed 21296K, reserved 1069056K
  class space    used 2516K, capacity 2597K, committed 2608K, reserved 1048576K
Event: 1.368 GC heap after
Heap after GC invocations=2 (full 0):
 PSYoungGen      total 152576K, used 8010K [0x0000000716100000, 0x0000000720b00000, 0x00000007c0000000)
  eden space 131072K, 0% used [0x0000000716100000,0x0000000716100000,0x000000071e100000)
  from space 21504K, 37% used [0x000000071f600000,0x000000071fdd28b0,0x0000000720b00000)
  to   space 21504K, 0% used [0x000000071e100000,0x000000071e100000,0x000000071f600000)
 ParOldGen       total 348160K, used 88K [0x00000005c2200000, 0x00000005d7600000, 0x0000000716100000)
  object space 348160K, 0% used [0x00000005c2200000,0x00000005c2216010,0x00000005d7600000)
 Metaspace       used 20880K, capacity 21146K, committed 21296K, reserved 1069056K
  class space    used 2516K, capacity 2597K, committed 2608K, reserved 1048576K
}
Event: 1.368 GC heap before
{Heap before GC invocations=3 (full 1):
 PSYoungGen      total 152576K, used 8010K [0x0000000716100000, 0x0000000720b00000, 0x00000007c0000000)
  eden space 131072K, 0% used [0x0000000716100000,0x0000000716100000,0x000000071e100000)
  from space 21504K, 37% used [0x000000071f600000,0x000000071fdd28b0,0x0000000720b00000)
  to   space 21504K, 0% used [0x000000071e100000,0x000000071e100000,0x000000071f600000)
 ParOldGen       total 348160K, used 88K [0x00000005c2200000, 0x00000005d7600000, 0x0000000716100000)
  object space 348160K, 0% used [0x00000005c2200000,0x00000005c2216010,0x00000005d7600000)
 Metaspace       used 20880K, capacity 21146K, committed 21296K, reserved 1069056K
  class space    used 2516K, capacity 2597K, committed 2608K, reserved 1048576K
Event: 1.382 GC heap after
Heap after GC invocations=3 (full 1):
 PSYoungGen      total 152576K, used 0K [0x0000000716100000, 0x0000000720b00000, 0x00000007c0000000)
  eden space 131072K, 0% used [0x0000000716100000,0x0000000716100000,0x000000071e100000)
  from space 21504K, 0% used [0x000000071f600000,0x000000071f600000,0x0000000720b00000)
  to   space 21504K, 0% used [0x000000071e100000,0x000000071e100000,0x000000071f600000)
 ParOldGen       total 220672K, used 7680K [0x00000005c2200000, 0x00000005cf980000, 0x0000000716100000)
  object space 220672K, 3% used [0x00000005c2200000,0x00000005c2980328,0x00000005cf980000)
 Metaspace       used 20880K, capacity 21146K, committed 21296K, reserved 1069056K
  class space    used 2516K, capacity 2597K, committed 2608K, reserved 1048576K
}
Event: 2.134 GC heap before
{Heap before GC invocations=4 (full 1):
 PSYoungGen      total 152576K, used 126034K [0x0000000716100000, 0x0000000720b00000, 0x00000007c0000000)
  eden space 131072K, 96% used [0x0000000716100000,0x000000071dc14b08,0x000000071e100000)
  from space 21504K, 0% used [0x000000071f600000,0x000000071f600000,0x0000000720b00000)
  to   space 21504K, 0% used [0x000000071e100000,0x000000071e100000,0x000000071f600000)
 ParOldGen       total 220672K, used 7680K [0x00000005c2200000, 0x00000005cf980000, 0x0000000716100000)
  object space 220672K, 3% used [0x00000005c2200000,0x00000005c2980328,0x00000005cf980000)
 Metaspace       used 34761K, capacity 35176K, committed 35496K, reserved 1081344K
  class space    used 4423K, capacity 4512K, committed 4528K, reserved 1048576K
Event: 2.139 GC heap after
Heap after GC invocations=4 (full 1):
 PSYoungGen      total 152576K, used 13788K [0x0000000716100000, 0x0000000723d80000, 0x00000007c0000000)
  eden space 131072K, 0% used [0x0000000716100000,0x0000000716100000,0x000000071e100000)
  from space 21504K, 64% used [0x000000071e100000,0x000000071ee77258,0x000000071f600000)
  to   space 21504K, 0% used [0x0000000722880000,0x0000000722880000,0x0000000723d80000)
 ParOldGen       total 220672K, used 7696K [0x00000005c2200000, 0x00000005cf980000, 0x0000000716100000)
  object space 220672K, 3% used [0x00000005c2200000,0x00000005c2984338,0x00000005cf980000)
 Metaspace       used 34761K, capacity 35176K, committed 35496K, reserved 1081344K
  class space    used 4423K, capacity 4512K, committed 4528K, reserved 1048576K
}
Event: 2.139 GC heap before
{Heap before GC invocations=5 (full 2):
 PSYoungGen      total 152576K, used 13788K [0x0000000716100000, 0x0000000723d80000, 0x00000007c0000000)
  eden space 131072K, 0% used [0x0000000716100000,0x0000000716100000,0x000000071e100000)
  from space 21504K, 64% used [0x000000071e100000,0x000000071ee77258,0x000000071f600000)
  to   space 21504K, 0% used [0x0000000722880000,0x0000000722880000,0x0000000723d80000)
 ParOldGen       total 220672K, used 7696K [0x00000005c2200000, 0x00000005cf980000, 0x0000000716100000)
  object space 220672K, 3% used [0x00000005c2200000,0x00000005c2984338,0x00000005cf980000)
 Metaspace       used 34761K, capacity 35176K, committed 35496K, reserved 1081344K
  class space    used 4423K, capacity 4512K, committed 4528K, reserved 1048576K
Event: 2.159 GC heap after
Heap after GC invocations=5 (full 2):
 PSYoungGen      total 152576K, used 0K [0x0000000716100000, 0x0000000723d80000, 0x00000007c0000000)
  eden space 131072K, 0% used [0x0000000716100000,0x0000000716100000,0x000000071e100000)
  from space 21504K, 0% used [0x000000071e100000,0x000000071e100000,0x000000071f600000)
  to   space 21504K, 0% used [0x0000000722880000,0x0000000722880000,0x0000000723d80000)
 ParOldGen       total 386560K, used 17607K [0x00000005c2200000, 0x00000005d9b80000, 0x0000000716100000)
  object space 386560K, 4% used [0x00000005c2200000,0x00000005c3331ef0,0x00000005d9b80000)
 Metaspace       used 34761K, capacity 35176K, committed 35496K, reserved 1081344K
  class space    used 4423K, capacity 4512K, committed 4528K, reserved 1048576K
}

